current directory: /myapp/.gem/gems/json-2.9.1/ext/json/ext/parser
/usr/local/bin/ruby extconf.rb
checking for rb_enc_interned_str() in ruby.h... yes
checking for rb_hash_new_capa() in ruby.h... yes
checking for rb_hash_bulk_insert() in ruby.h... yes
checking for rb_category_warn() in ruby.h... yes
checking for strnlen() in string.h... yes
checking for whether -std=c99 is accepted as CFLAGS... yes
creating Makefile

current directory: /myapp/.gem/gems/json-2.9.1/ext/json/ext/parser
make DESTDIR\= sitearchdir\=./.gem.20250103-1-tkjxav sitelibdir\=./.gem.20250103-1-tkjxav clean

current directory: /myapp/.gem/gems/json-2.9.1/ext/json/ext/parser
make DESTDIR\= sitearchdir\=./.gem.20250103-1-tkjxav sitelibdir\=./.gem.20250103-1-tkjxav
compiling parser.c
linking shared-object json/ext/parser.so

current directory: /myapp/.gem/gems/json-2.9.1/ext/json/ext/parser
make DESTDIR\= sitearchdir\=./.gem.20250103-1-tkjxav sitelibdir\=./.gem.20250103-1-tkjxav install
/usr/bin/install -c -m 0755 parser.so ./.gem.20250103-1-tkjxav/json/ext

current directory: /myapp/.gem/gems/json-2.9.1/ext/json/ext/parser
make DESTDIR\= sitearchdir\=./.gem.20250103-1-tkjxav sitelibdir\=./.gem.20250103-1-tkjxav clean
