current directory: /myapp/.gem/gems/date-3.4.1/ext/date
/usr/local/bin/ruby extconf.rb
checking for rb_category_warn()... yes
checking for timezone in time.h with  -Werror... yes
checking for altzone in time.h with  -Werror... no
creating Makefile

current directory: /myapp/.gem/gems/date-3.4.1/ext/date
make DESTDIR\= sitearchdir\=./.gem.20250103-1-ijyk7j sitelibdir\=./.gem.20250103-1-ijyk7j clean

current directory: /myapp/.gem/gems/date-3.4.1/ext/date
make DESTDIR\= sitearchdir\=./.gem.20250103-1-ijyk7j sitelibdir\=./.gem.20250103-1-ijyk7j
compiling date_core.c
compiling date_parse.c
compiling date_strftime.c
compiling date_strptime.c
linking shared-object date_core.so

current directory: /myapp/.gem/gems/date-3.4.1/ext/date
make DESTDIR\= sitearchdir\=./.gem.20250103-1-ijyk7j sitelibdir\=./.gem.20250103-1-ijyk7j install
/usr/bin/install -c -m 0755 date_core.so ./.gem.20250103-1-ijyk7j

current directory: /myapp/.gem/gems/date-3.4.1/ext/date
make DESTDIR\= sitearchdir\=./.gem.20250103-1-ijyk7j sitelibdir\=./.gem.20250103-1-ijyk7j clean
